/Net/yucatan/abozec/BB86_PACKAGE/expt_01.0/data

BB86 config ; analytic wind-stress                                              
3 layers (first one very thinto mimick a 2 layers config);                      
src_2.2.18;                                                                     
12345678901234567890123456789012345678901234567890123456789012345678901234567890

iversn =        22
iexpt  =        10

idm    =       101
jdm    =       101

itest  =         6
jtest  =         6

kdm    =         3
nhybrd =         3
nsigma =         0
dp00   =    1.0000 m
dp00x  =    1.0000 m
dp00f  =    1.0000 
ds00   =    1.0000 m
ds00x  =    1.0000 m
ds00f  =    1.0000 
dp00i  =    1.0000 m
isotop =    1.0000 m

saln0  =   37.0000 psu
locsig =         T
kapref =         0
thflag =         0

equation of state is 7-term sigma-0

thbase =   27.0104 sigma-0

vsigma =         F
sigma  =   27.0100 sigma-0
sigma  =   27.0104 sigma-0
sigma  =   27.2214 sigma-0

iniflg =         2
jerlv0 =         0

yrflag =         0
sshflg =         0
dsurfq =    1.0000 days
diagfq =    1.0000 days
tilefq =    0.0000 days
meanfq =    0.0000 days
rstrfq =   10.0000 days
bnstfq =    0.0000 days
nestfq =    0.0000 days
cplifq =    0.1250 days (-ve time steps)
baclin =  900.0000 sec
batrop =   45.0000 sec

icefrq =        12

incflg =         0
incstp =        12
incupf =         1

wbaro  =    0.1250 
btrlfr =         T
btrmas =         F
hybrlx =    8.0000 time steps
hybiso =    0.0100 kg/m^3
hybmap =         3
hybflg =         0
advflg =         0
advtyp =         2
momtyp =         2
slip   =   -1.0000 (-1=no-slip, +1=free-slip)
visco2 =    0.0050 
visco4 =    0.0000 
facdf4 =    0.0000 
veldf2 =    0.0050 m/s
veldf4 =    0.0000 m/s
thkdf2 =    0.0000 m/s
thkdf4 =    0.0100 m/s (-ve if variable)
temdf2 =    0.0150 m/s
temdfc =    1.0000 (0.0,1.0 conserve dens,temp resp.)
vertmx =    0.0000 m/s
cbar   =    0.0200 m/s
cb     =    0.0000 
cbar2  =    0.0000 
drglim =    0.0000 
drgscl =    0.0000 
thkdrg =  500.0000 m

thkbot =   10.0000 m
sigjmp =    0.0200 kg/m**3
tmljmp =    0.3000 degC
thkmls =   15.0000 m
thkmlt =    0.0000 m
thkriv =    6.0000 m

thkfrz =   20.0000 m
iceflg =         0
tfrz_0 =    0.0000 degC
tfrz_s =   -0.0540 degC/psu
ticegr =    0.0000 degC/m
hicemn =    0.5000 m
hicemx =   10.0000 m

ntracr =         0
trcflg =         0

tsofrq =        64
tofset =    0.0000 degC/century
sofset =    0.0000  psu/century

mlflag =         0
pensol =         F
dtrate =  999.0000 m/day
thkmin =   19.2000 m
dypflg =         0
mixfrq =     99999
diapyc =    0.0000 m**2/s**2
rigr   =    0.2500 
ribc   =    0.6500 
rinfty =    0.7000 
ricr   =    0.2500 
bldmin =    0.0000 m
bldmax = 1200.0000 m
cekman =    0.7000 
cmonob =    1.0000 
bblkpp =         F
shinst =         T
dbdiff =         T
nonloc =         T
latdiw =         F
botdiw =         F
difout =         F
difsmo =        13
difm0  =    0.0050 m**2/s
difs0  =    0.0050 m**2/s
difmiw =    0.0001 m**2/s
difsiw =    0.0000 m**2/s
dsfmax =    0.0010 m**2/s
rrho0  =    1.9000 
cs     =   98.9600 
cstar  =   10.0000 
cv     =    0.0000 
c11    =    5.0000 
hblflg =         2
niter  =         2
fltflg =         0
nfladv =         4
nflsam =         1
intpfl =         0
iturbv =         0
ismpfl =         1
tbvar  =    0.0000 m**2/s**2
tdecri =    0.4000 1/day

lbflag =         0
tidflg =         0
tidcon =         1
tidsal =    0.0600 
tidgen =         T
tidrmp =    1.0000 days
tid_t0 =    0.0000 model day

clmflg =        12
wndflg =         2
pstrsi =   50.0000 m
ustflg =         4
flxflg =         0
empflg =         0
dswflg =         0
sssflg =         0
lwflag =         0
sstflg =         0
icmflg =         0
flxoff =         F
flxsmo =         F

 !!!! BB86 Configuration !!!!


relax  =         F
trcrlx =         F
priver =         F
epmass =         F


 ddsurf =    1.0000000000000000               96
 ddiagf =    1.0000000000000000               96
 dtilef =   1.32046937523773889E+028           0
 dmeanf =   1.32046937523773889E+028           0
 drstrf =    10.000000000000000              960

 turb. flux parameters:
 thkdf2,temdf2 = 0.00E+00 1.50E-02
 thkdf4        = 1.00E-02
 veldf2,visco2 = 5.00E-03 5.00E-03
 veldf4,visco4 = 0.00E+00 0.00E+00
 diapyc,vertmx = 1.00E-07 0.00E+00

  20 barotropic steps per baroclinic time step

 reading grid file from regional.grid.[ab]
  0  'mapflg' = map flag (0=mercator,10=panam,12=ulon-panam)
plon:  min,max =          0.00000      20.00000
plat:  min,max =          0.00000      20.00000
ulon:  min,max =         -0.10000      19.90000
ulat:  min,max =          0.00000      20.00000
vlon:  min,max =          0.00000      20.00000
vlat:  min,max =         -0.10000      19.90000
pscx:  min,max =      20000.00000   20000.00000
pscy:  min,max =      20000.00000   20000.00000
qscx:  min,max =      20000.00000   20000.00000
qscy:  min,max =      20000.00000   20000.00000
uscx:  min,max =      20000.00000   20000.00000
uscy:  min,max =      20000.00000   20000.00000
vscx:  min,max =      20000.00000   20000.00000
vscy:  min,max =      20000.00000   20000.00000
cori:  min,max =     7.34000E-05  1.13400E-04

 i,j=    6    6 plat=   1.000 corio,scux,vy= 0.000075400  20000.00  20000.00

 reading bathymetry file from regional.depth.[ab]

 Bathymetry                                                                     
 i/jdm =  101  101                                                              
                                                                                
                                                                                
                                                                                
 min,max depth =      5000.00000  5000.00000                                     

bigrid: nreg = 0
bigrid: closed basin

ip array, cols    1 --  101
 101 00000000000000000000000000000000000000000000000000000000000000000000000000000000000000000000000000000
 100 0***************************************************************************************************0
  99 0***************************************************************************************************0
  98 0***************************************************************************************************0
  97 0***************************************************************************************************0
  96 0***************************************************************************************************0
  95 0***************************************************************************************************0
  94 0***************************************************************************************************0
  93 0***************************************************************************************************0
  92 0***************************************************************************************************0
  91 0***************************************************************************************************0
  90 0***************************************************************************************************0
  89 0***************************************************************************************************0
  88 0***************************************************************************************************0
  87 0***************************************************************************************************0
  86 0***************************************************************************************************0
  85 0***************************************************************************************************0
  84 0***************************************************************************************************0
  83 0***************************************************************************************************0
  82 0***************************************************************************************************0
  81 0***************************************************************************************************0
  80 0***************************************************************************************************0
  79 0***************************************************************************************************0
  78 0***************************************************************************************************0
  77 0***************************************************************************************************0
  76 0***************************************************************************************************0
  75 0***************************************************************************************************0
  74 0***************************************************************************************************0
  73 0***************************************************************************************************0
  72 0***************************************************************************************************0
  71 0***************************************************************************************************0
  70 0***************************************************************************************************0
  69 0***************************************************************************************************0
  68 0***************************************************************************************************0
  67 0***************************************************************************************************0
  66 0***************************************************************************************************0
  65 0***************************************************************************************************0
  64 0***************************************************************************************************0
  63 0***************************************************************************************************0
  62 0***************************************************************************************************0
  61 0***************************************************************************************************0
  60 0***************************************************************************************************0
  59 0***************************************************************************************************0
  58 0***************************************************************************************************0
  57 0***************************************************************************************************0
  56 0***************************************************************************************************0
  55 0***************************************************************************************************0
  54 0***************************************************************************************************0
  53 0***************************************************************************************************0
  52 0***************************************************************************************************0
  51 0***************************************************************************************************0
  50 0***************************************************************************************************0
  49 0***************************************************************************************************0
  48 0***************************************************************************************************0
  47 0***************************************************************************************************0
  46 0***************************************************************************************************0
  45 0***************************************************************************************************0
  44 0***************************************************************************************************0
  43 0***************************************************************************************************0
  42 0***************************************************************************************************0
  41 0***************************************************************************************************0
  40 0***************************************************************************************************0
  39 0***************************************************************************************************0
  38 0***************************************************************************************************0
  37 0***************************************************************************************************0
  36 0***************************************************************************************************0
  35 0***************************************************************************************************0
  34 0***************************************************************************************************0
  33 0***************************************************************************************************0
  32 0***************************************************************************************************0
  31 0***************************************************************************************************0
  30 0***************************************************************************************************0
  29 0***************************************************************************************************0
  28 0***************************************************************************************************0
  27 0***************************************************************************************************0
  26 0***************************************************************************************************0
  25 0***************************************************************************************************0
  24 0***************************************************************************************************0
  23 0***************************************************************************************************0
  22 0***************************************************************************************************0
  21 0***************************************************************************************************0
  20 0***************************************************************************************************0
  19 0***************************************************************************************************0
  18 0***************************************************************************************************0
  17 0***************************************************************************************************0
  16 0***************************************************************************************************0
  15 0***************************************************************************************************0
  14 0***************************************************************************************************0
  13 0***************************************************************************************************0
  12 0***************************************************************************************************0
  11 0***************************************************************************************************0
  10 0***************************************************************************************************0
   9 0***************************************************************************************************0
   8 0***************************************************************************************************0
   7 0***************************************************************************************************0
   6 0***************************************************************************************************0
   5 0***************************************************************************************************0
   4 0***************************************************************************************************0
   3 0***************************************************************************************************0
   2 0***************************************************************************************************0
   1 00000000000000000000000000000000000000000000000000000000000000000000000000000000000000000000000000000


 mean basin depth (m) and area (10^6 km^2):   5000.0      3.92

dp0k( 1) =   1.00 m    thkns =   1.00 m    depth =    1.00 m
dp0k( 2) =   1.00 m    thkns =   1.00 m    depth =    2.00 m
dp0k( 3) =   1.00 m    thkns =   1.00 m    depth =    3.00 m

ds0k( 1) =   1.00 m    thkns =   1.00 m    depth =    1.00 m

  now opening forcing fields ...

Analytical Eastward Wind-stress
i/jdm =  101  101
 tauewd: month,range =  01  -1.00000E-01  1.00000E-01                           

Analytical Northward Wind-stress
i/jdm =  101  101
 taunwd: month,range =  01  0.00000E+00  0.00000E+00                            
  ...finished opening forcing fields
  now opening kpar field  ...
  ...finished opening kpar field 
  now opening rivers  field  ...
  ...finished opening river   field 
  now opening relaxation fields ...
 No thermal relaxation mask.

 Potential Temperature
i/jdm = 101 101
 tem : month,layer,dens,range =  01 01  27.010 1.71823E+01  1.71823E+01         
 tem : month,layer,dens,range =  01 02  27.010 1.71808E+01  1.71808E+01         
 tem : month,layer,dens,range =  01 03  27.221 1.63001E+01  1.63001E+01         

 Salinity
i/jdm = 101 101
 sal : month,layer,dens,range =  01 01  27.010 3.70000E+01  3.70000E+01         
 sal : month,layer,dens,range =  01 02  27.010 3.70000E+01  3.70000E+01         
 sal : month,layer,dens,range =  01 03  27.221 3.70000E+01  3.70000E+01         

 Interface Depths
i/jdm = 101 101
 int : month,layer,dens,range =  01 01  27.010 0.00000E+00  0.00000E+00         
 int : month,layer,dens,range =  01 02  27.010 9.80600E+03  9.80600E+03         
 int : month,layer,dens,range =  01 03  27.221 4.90300E+06  4.90300E+06         
  ...finished opening relaxation fields
 rdrlax - month =            1           1
 tem : month,layer,dens,range =  01 01  27.010 1.71823E+01  1.71823E+01         
 tem : month,layer,dens,range =  01 02  27.010 1.71808E+01  1.71808E+01         
 tem : month,layer,dens,range =  01 03  27.221 1.63001E+01  1.63001E+01         
 sal : month,layer,dens,range =  01 01  27.010 3.70000E+01  3.70000E+01         
 sal : month,layer,dens,range =  01 02  27.010 3.70000E+01  3.70000E+01         
 sal : month,layer,dens,range =  01 03  27.221 3.70000E+01  3.70000E+01         
 int : month,layer,dens,range =  01 01  27.010 0.00000E+00  0.00000E+00         
 int : month,layer,dens,range =  01 02  27.010 9.80600E+03  9.80600E+03         
 int : month,layer,dens,range =  01 03  27.221 4.90300E+06  4.90300E+06         
rdrlax: pwall.2 ok; expected,input min depth =   1.00   1.00
rdrlax: pwall.3 NOT ok; expected,input min depth =   2.00 500.00 (bad climatology?)
rdrlax: continuing because file ./relax.weird exists (ignore the "bad" climatology)
 relaxation fields for month  1 written into slot  1
 sigma(k):  27.01  27.01  27.22
        0    6    6  istate:  temp    saln  thstar   thkns    dpth   montg
                       mxl                                    19.2
                         1   17.18   37.00   27.01     1.0     0.5   0.000
                         2   17.18   37.00   27.01   499.0   250.5  -0.000
                         3   16.30   37.00   27.22  4500.0  2750.0  -0.106
                       bot                                  5000.0
        0    6    6  istate:  temp    saln  thstar   thkns    dpth   montg
                       mxl                                    19.2
                         1   17.18   37.00   27.01     1.0     0.5   0.000
                         2   17.18   37.00   27.01   499.0   250.5  -0.000
                         3   16.30   37.00   27.22  4500.0  2750.0  -0.106
                       bot                                  5000.0

model starts at day     0.0, goes to day    11.0   (steps        0 --     1056)

 tauewd: month,range =  12  -1.00000E-01  1.00000E-01                           
 taunwd: month,range =  12  0.00000E+00  0.00000E+00                            
 forcing functions for month 12 written into slot  1
 tauewd: month,range =  01  -1.00000E-01  1.00000E-01                           
 taunwd: month,range =  01  0.00000E+00  0.00000E+00                            
 forcing functions for month  1 written into slot  2
 tauewd: month,range =  02  -1.00000E-01  1.00000E-01                           
 taunwd: month,range =  02  0.00000E+00  0.00000E+00                            
 forcing functions for month  2 written into slot  3
 tauewd: month,range =  03  -1.00000E-01  1.00000E-01                           
 taunwd: month,range =  03  0.00000E+00  0.00000E+00                            
 forcing functions for month  3 written into slot  4
 rdrlax - month =           12          12
 tem : month,layer,dens,range =  12 01  27.010 1.71823E+01  1.71823E+01         
 tem : month,layer,dens,range =  12 02  27.010 1.71808E+01  1.71808E+01         
 tem : month,layer,dens,range =  12 03  27.221 1.63001E+01  1.63001E+01         
 sal : month,layer,dens,range =  12 01  27.010 3.70000E+01  3.70000E+01         
 sal : month,layer,dens,range =  12 02  27.010 3.70000E+01  3.70000E+01         
 sal : month,layer,dens,range =  12 03  27.221 3.70000E+01  3.70000E+01         
 int : month,layer,dens,range =  12 01  27.010 0.00000E+00  0.00000E+00         
 int : month,layer,dens,range =  12 02  27.010 9.80600E+03  9.80600E+03         
 int : month,layer,dens,range =  12 03  27.221 4.90300E+06  4.90300E+06         
rdrlax: pwall.2 ok; expected,input min depth =   1.00   1.00
rdrlax: pwall.3 NOT ok; expected,input min depth =   2.00 500.00 (bad climatology?)
rdrlax: continuing because file ./relax.weird exists (ignore the "bad" climatology)
 relaxation fields for month 12 written into slot  1
 rdrlax - month =            1           1
 tem : month,layer,dens,range =  01 01  27.010 1.71823E+01  1.71823E+01         
 tem : month,layer,dens,range =  01 02  27.010 1.71808E+01  1.71808E+01         
 tem : month,layer,dens,range =  01 03  27.221 1.63001E+01  1.63001E+01         
 sal : month,layer,dens,range =  01 01  27.010 3.70000E+01  3.70000E+01         
 sal : month,layer,dens,range =  01 02  27.010 3.70000E+01  3.70000E+01         
 sal : month,layer,dens,range =  01 03  27.221 3.70000E+01  3.70000E+01         
 int : month,layer,dens,range =  01 01  27.010 0.00000E+00  0.00000E+00         
 int : month,layer,dens,range =  01 02  27.010 9.80600E+03  9.80600E+03         
 int : month,layer,dens,range =  01 03  27.221 4.90300E+06  4.90300E+06         
 relaxation fields for month  1 written into slot  2
 rdrlax - month =            2           2
 tem : month,layer,dens,range =  02 01  27.010 1.71823E+01  1.71823E+01         
 tem : month,layer,dens,range =  02 02  27.010 1.71808E+01  1.71808E+01         
 tem : month,layer,dens,range =  02 03  27.221 1.63001E+01  1.63001E+01         
 sal : month,layer,dens,range =  02 01  27.010 3.70000E+01  3.70000E+01         
 sal : month,layer,dens,range =  02 02  27.010 3.70000E+01  3.70000E+01         
 sal : month,layer,dens,range =  02 03  27.221 3.70000E+01  3.70000E+01         
 int : month,layer,dens,range =  02 01  27.010 0.00000E+00  0.00000E+00         
 int : month,layer,dens,range =  02 02  27.010 9.80600E+03  9.80600E+03         
 int : month,layer,dens,range =  02 03  27.221 4.90300E+06  4.90300E+06         
 relaxation fields for month  2 written into slot  3
 rdrlax - month =            3           3
 tem : month,layer,dens,range =  03 01  27.010 1.71823E+01  1.71823E+01         
 tem : month,layer,dens,range =  03 02  27.010 1.71808E+01  1.71808E+01         
 tem : month,layer,dens,range =  03 03  27.221 1.63001E+01  1.63001E+01         
 sal : month,layer,dens,range =  03 01  27.010 3.70000E+01  3.70000E+01         
 sal : month,layer,dens,range =  03 02  27.010 3.70000E+01  3.70000E+01         
 sal : month,layer,dens,range =  03 03  27.221 3.70000E+01  3.70000E+01         
 int : month,layer,dens,range =  03 01  27.010 0.00000E+00  0.00000E+00         
 int : month,layer,dens,range =  03 02  27.010 9.80600E+03  9.80600E+03         
 int : month,layer,dens,range =  03 03  27.221 4.90300E+06  4.90300E+06         
 relaxation fields for month  3 written into slot  4


     timer statistics 
    ------------------

     xceget   calls =        1   time =    0.00000   time/call =    0.00000000
     xclget   calls =      101   time =    0.00000   time/call =    0.00000000
     xcsum    calls =        2   time =    0.00000   time/call =    0.00000000
     xcmaxr   calls =        5   time =    0.00000   time/call =    0.00000000
     xctilr   calls =       79   time =    0.00000   time/call =    0.00000000
     zaio**   calls =      191   time =    0.00100   time/call =    0.00000524
     zaiord   calls =       21   time =    0.01100   time/call =    0.00052381
     zaiowr   calls =       26   time =    0.01200   time/call =    0.00046154
     total    calls =        1   time =    0.08700   time/call =    0.08700000



        1 (0001/016 00) mean      SSH (mm):   -0.00  (-4.9E-05 to -4.9E-05)
        1 (0001/016 00) mean mixl thk. (m):   19.20  temp: 17.182 saln: 37.000
        1 (0001/016 00) mean surf thk. (m):    1.00   sst: 17.182  sss: 37.000
        1 (0001/016 00) mean clim thk. (m):   19.20   sst: 17.182  sss: 37.000
        1 (0001/016 00) mean L  1 thk. (m):    1.00  temp: 17.182 saln: 37.000
        1 (0001/016 00) mean L  2 thk. (m):  498.89  temp: 17.181 saln: 37.000
        1 (0001/016 00) mean L  3 thk. (m): 4500.11  temp: 16.300 saln: 37.000
        1 (0001/016 00) region-wide mean Kin. Energy:        0.0046712813
        1 (0001/016 00) region-wide mean Temperature:       16.3881703000
        1 (0001/016 00) region-wide mean Salinity:          37.0000000000
        1 (0001/016 00) region-wide mean Density Dev:        0.1898957149
       96  1 min/max of s after advection: 37.000 37.000   (range: 1.21E-13)
       96  2 min/max of s after advection: 37.000 37.000   (range: 0.00E+00)
       96  3 min/max of s after advection: 37.000 37.000   (range: 0.00E+00)
       96 (0001/017 00) mean      SSH (mm):   -0.00  (-5.2E+00 to  4.7E+00)
       96 (0001/017 00) mean mixl thk. (m):   19.20  temp: 17.182 saln: 37.000
       96 (0001/017 00) mean surf thk. (m):    1.00   sst: 17.182  sss: 37.000
       96 (0001/017 00) mean clim thk. (m):   19.20   sst: 17.182  sss: 37.000
       96 (0001/017 00) mean L  1 thk. (m):    1.00  temp: 17.182 saln: 37.000
       96 (0001/017 00) mean L  2 thk. (m):  498.89  temp: 17.181 saln: 37.000
       96 (0001/017 00) mean L  3 thk. (m): 4500.11  temp: 16.300 saln: 37.000
       96 (0001/017 00) region-wide mean Kin. Energy:        4.1435491705
       96 (0001/017 00) region-wide mean Temperature:       16.3881703000
       96 (0001/017 00) region-wide mean Salinity:          37.0000000000
       96 (0001/017 00) region-wide mean Density Dev:        0.1898957164
 step       96 day     1.00 -- archiving completed --
      192  1 min/max of s after advection: 37.000 37.000   (range: 1.63E-13)
      192  2 min/max of s after advection: 37.000 37.000   (range: 0.00E+00)
      192  3 min/max of s after advection: 37.000 37.000   (range: 0.00E+00)
      192 (0001/018 00) mean      SSH (mm):   -0.00  (-1.0E+01 to  9.3E+00)
      192 (0001/018 00) mean mixl thk. (m):   19.20  temp: 17.182 saln: 37.000
      192 (0001/018 00) mean surf thk. (m):    1.00   sst: 17.182  sss: 37.000
      192 (0001/018 00) mean clim thk. (m):   19.20   sst: 17.182  sss: 37.000
      192 (0001/018 00) mean L  1 thk. (m):    1.00  temp: 17.182 saln: 37.000
      192 (0001/018 00) mean L  2 thk. (m):  498.89  temp: 17.181 saln: 37.000
      192 (0001/018 00) mean L  3 thk. (m): 4500.11  temp: 16.300 saln: 37.000
      192 (0001/018 00) region-wide mean Kin. Energy:       13.4000676946
      192 (0001/018 00) region-wide mean Temperature:       16.3881703000
      192 (0001/018 00) region-wide mean Salinity:          37.0000000000
      192 (0001/018 00) region-wide mean Density Dev:        0.1898957164
 step      192 day     2.00 -- archiving completed --
      288  1 min/max of s after advection: 37.000 37.000   (range: 1.99E-13)
      288  2 min/max of s after advection: 37.000 37.000   (range: 0.00E+00)
      288  3 min/max of s after advection: 37.000 37.000   (range: 0.00E+00)
      288 (0001/019 00) mean      SSH (mm):   -0.00  (-1.6E+01 to  1.4E+01)
      288 (0001/019 00) mean mixl thk. (m):   19.20  temp: 17.182 saln: 37.000
      288 (0001/019 00) mean surf thk. (m):    1.00   sst: 17.182  sss: 37.000
      288 (0001/019 00) mean clim thk. (m):   19.20   sst: 17.182  sss: 37.000
      288 (0001/019 00) mean L  1 thk. (m):    1.00  temp: 17.182 saln: 37.000
      288 (0001/019 00) mean L  2 thk. (m):  498.89  temp: 17.181 saln: 37.000
      288 (0001/019 00) mean L  3 thk. (m): 4500.11  temp: 16.300 saln: 37.000
      288 (0001/019 00) region-wide mean Kin. Energy:       28.1775874769
      288 (0001/019 00) region-wide mean Temperature:       16.3881702999
      288 (0001/019 00) region-wide mean Salinity:          37.0000000000
      288 (0001/019 00) region-wide mean Density Dev:        0.1898957164
 step      288 day     3.00 -- archiving completed --
      384  1 min/max of s after advection: 37.000 37.000   (range: 1.99E-13)
      384  2 min/max of s after advection: 37.000 37.000   (range: 0.00E+00)
      384  3 min/max of s after advection: 37.000 37.000   (range: 0.00E+00)
      384 (0001/020 00) mean      SSH (mm):   -0.00  (-2.1E+01 to  1.9E+01)
      384 (0001/020 00) mean mixl thk. (m):   19.20  temp: 17.182 saln: 37.000
      384 (0001/020 00) mean surf thk. (m):    1.00   sst: 17.182  sss: 37.000
      384 (0001/020 00) mean clim thk. (m):   19.20   sst: 17.182  sss: 37.000
      384 (0001/020 00) mean L  1 thk. (m):    1.00  temp: 17.182 saln: 37.000
      384 (0001/020 00) mean L  2 thk. (m):  498.89  temp: 17.181 saln: 37.000
      384 (0001/020 00) mean L  3 thk. (m): 4500.11  temp: 16.300 saln: 37.000
      384 (0001/020 00) region-wide mean Kin. Energy:       48.4792337492
      384 (0001/020 00) region-wide mean Temperature:       16.3881702999
      384 (0001/020 00) region-wide mean Salinity:          37.0000000000
      384 (0001/020 00) region-wide mean Density Dev:        0.1898957164
 step      384 day     4.00 -- archiving completed --
      480  1 min/max of s after advection: 37.000 37.000   (range: 2.06E-13)
      480  2 min/max of s after advection: 37.000 37.000   (range: 0.00E+00)
      480  3 min/max of s after advection: 37.000 37.000   (range: 0.00E+00)
      480 (0001/021 00) mean      SSH (mm):   -0.00  (-2.6E+01 to  2.3E+01)
      480 (0001/021 00) mean mixl thk. (m):   19.20  temp: 17.182 saln: 37.000
      480 (0001/021 00) mean surf thk. (m):    1.00   sst: 17.182  sss: 37.000
      480 (0001/021 00) mean clim thk. (m):   19.20   sst: 17.182  sss: 37.000
      480 (0001/021 00) mean L  1 thk. (m):    1.00  temp: 17.182 saln: 37.000
      480 (0001/021 00) mean L  2 thk. (m):  498.89  temp: 17.181 saln: 37.000
      480 (0001/021 00) mean L  3 thk. (m): 4500.11  temp: 16.300 saln: 37.000
      480 (0001/021 00) region-wide mean Kin. Energy:       74.1010188713
      480 (0001/021 00) region-wide mean Temperature:       16.3881702998
      480 (0001/021 00) region-wide mean Salinity:          37.0000000000
      480 (0001/021 00) region-wide mean Density Dev:        0.1898957164
 step      480 day     5.00 -- archiving completed --
      576  1 min/max of s after advection: 37.000 37.000   (range: 2.34E-13)
      576  2 min/max of s after advection: 37.000 37.000   (range: 0.00E+00)
      576  3 min/max of s after advection: 37.000 37.000   (range: 0.00E+00)
      576 (0001/022 00) mean      SSH (mm):   -0.00  (-3.1E+01 to  2.8E+01)
      576 (0001/022 00) mean mixl thk. (m):   19.20  temp: 17.182 saln: 37.000
      576 (0001/022 00) mean surf thk. (m):    1.00   sst: 17.182  sss: 37.000
      576 (0001/022 00) mean clim thk. (m):   19.20   sst: 17.182  sss: 37.000
      576 (0001/022 00) mean L  1 thk. (m):    1.00  temp: 17.182 saln: 37.000
      576 (0001/022 00) mean L  2 thk. (m):  498.89  temp: 17.181 saln: 37.000
      576 (0001/022 00) mean L  3 thk. (m): 4500.11  temp: 16.300 saln: 37.000
      576 (0001/022 00) region-wide mean Kin. Energy:      103.6767480728
      576 (0001/022 00) region-wide mean Temperature:       16.3881702998
      576 (0001/022 00) region-wide mean Salinity:          37.0000000000
      576 (0001/022 00) region-wide mean Density Dev:        0.1898957164
 step      576 day     6.00 -- archiving completed --
      672  1 min/max of s after advection: 37.000 37.000   (range: 2.49E-13)
      672  2 min/max of s after advection: 37.000 37.000   (range: 0.00E+00)
      672  3 min/max of s after advection: 37.000 37.000   (range: 0.00E+00)
      672 (0001/023 00) mean      SSH (mm):   -0.00  (-3.7E+01 to  3.2E+01)
      672 (0001/023 00) mean mixl thk. (m):   19.20  temp: 17.182 saln: 37.000
      672 (0001/023 00) mean surf thk. (m):    1.00   sst: 17.182  sss: 37.000
      672 (0001/023 00) mean clim thk. (m):   19.20   sst: 17.182  sss: 37.000
      672 (0001/023 00) mean L  1 thk. (m):    1.00  temp: 17.182 saln: 37.000
      672 (0001/023 00) mean L  2 thk. (m):  498.89  temp: 17.181 saln: 37.000
      672 (0001/023 00) mean L  3 thk. (m): 4500.11  temp: 16.300 saln: 37.000
      672 (0001/023 00) region-wide mean Kin. Energy:      137.1932721004
      672 (0001/023 00) region-wide mean Temperature:       16.3881702997
      672 (0001/023 00) region-wide mean Salinity:          37.0000000000
      672 (0001/023 00) region-wide mean Density Dev:        0.1898957164
 step      672 day     7.00 -- archiving completed --
      768  1 min/max of s after advection: 37.000 37.000   (range: 2.56E-13)
      768  2 min/max of s after advection: 37.000 37.000   (range: 0.00E+00)
      768  3 min/max of s after advection: 37.000 37.000   (range: 0.00E+00)
      768 (0001/024 00) mean      SSH (mm):   -0.00  (-4.2E+01 to  3.7E+01)
      768 (0001/024 00) mean mixl thk. (m):   19.20  temp: 17.182 saln: 37.000
      768 (0001/024 00) mean surf thk. (m):    1.00   sst: 17.182  sss: 37.000
      768 (0001/024 00) mean clim thk. (m):   19.20   sst: 17.182  sss: 37.000
      768 (0001/024 00) mean L  1 thk. (m):    1.00  temp: 17.182 saln: 37.000
      768 (0001/024 00) mean L  2 thk. (m):  498.89  temp: 17.181 saln: 37.000
      768 (0001/024 00) mean L  3 thk. (m): 4500.11  temp: 16.300 saln: 37.000
      768 (0001/024 00) region-wide mean Kin. Energy:      174.0606716237
      768 (0001/024 00) region-wide mean Temperature:       16.3881702996
      768 (0001/024 00) region-wide mean Salinity:          37.0000000000
      768 (0001/024 00) region-wide mean Density Dev:        0.1898957165
 step      768 day     8.00 -- archiving completed --
      864  1 min/max of s after advection: 37.000 37.000   (range: 2.56E-13)
      864  2 min/max of s after advection: 37.000 37.000   (range: 0.00E+00)
      864  3 min/max of s after advection: 37.000 37.000   (range: 0.00E+00)
      864 (0001/025 00) mean      SSH (mm):   -0.00  (-4.7E+01 to  4.1E+01)
      864 (0001/025 00) mean mixl thk. (m):   19.20  temp: 17.182 saln: 37.000
      864 (0001/025 00) mean surf thk. (m):    1.00   sst: 17.182  sss: 37.000
      864 (0001/025 00) mean clim thk. (m):   19.20   sst: 17.182  sss: 37.000
      864 (0001/025 00) mean L  1 thk. (m):    1.00  temp: 17.182 saln: 37.000
      864 (0001/025 00) mean L  2 thk. (m):  498.89  temp: 17.181 saln: 37.000
      864 (0001/025 00) mean L  3 thk. (m): 4500.11  temp: 16.300 saln: 37.000
      864 (0001/025 00) region-wide mean Kin. Energy:      213.4808462973
      864 (0001/025 00) region-wide mean Temperature:       16.3881702995
      864 (0001/025 00) region-wide mean Salinity:          37.0000000000
      864 (0001/025 00) region-wide mean Density Dev:        0.1898957165
 step      864 day     9.00 -- archiving completed --
      960  1 min/max of s after advection: 37.000 37.000   (range: 2.77E-13)
      960  2 min/max of s after advection: 37.000 37.000   (range: 0.00E+00)
      960  3 min/max of s after advection: 37.000 37.000   (range: 0.00E+00)
      960 (0001/026 00) mean      SSH (mm):   -0.00  (-5.2E+01 to  4.5E+01)
      960 (0001/026 00) mean mixl thk. (m):   19.20  temp: 17.182 saln: 37.000
      960 (0001/026 00) mean surf thk. (m):    1.00   sst: 17.182  sss: 37.000
      960 (0001/026 00) mean clim thk. (m):   19.20   sst: 17.182  sss: 37.000
      960 (0001/026 00) mean L  1 thk. (m):    1.00  temp: 17.182 saln: 37.000
      960 (0001/026 00) mean L  2 thk. (m):  498.89  temp: 17.181 saln: 37.000
      960 (0001/026 00) mean L  3 thk. (m): 4500.11  temp: 16.300 saln: 37.000
      960 (0001/026 00) region-wide mean Kin. Energy:      255.1225661207
      960 (0001/026 00) region-wide mean Temperature:       16.3881702995
      960 (0001/026 00) region-wide mean Salinity:          37.0000000000
      960 (0001/026 00) region-wide mean Density Dev:        0.1898957165
 time step      960         y e a r  0001         d a y  026         h o u r  00
 creating a new backup   restart file
 restart created at model day     10.000
 step      960 day    10.00 -- archiving completed --
     1056  1 min/max of s after advection: 37.000 37.000   (range: 1.35E-13)
     1056  2 min/max of s after advection: 37.000 37.000   (range: 0.00E+00)
     1056  3 min/max of s after advection: 37.000 37.000   (range: 0.00E+00)
     1056 (0001/027 00) mean      SSH (mm):   -0.00  (-5.6E+01 to  4.9E+01)
     1056 (0001/027 00) mean mixl thk. (m):   19.20  temp: 17.182 saln: 37.000
     1056 (0001/027 00) mean surf thk. (m):    1.00   sst: 17.182  sss: 37.000
     1056 (0001/027 00) mean clim thk. (m):   19.20   sst: 17.182  sss: 37.000
     1056 (0001/027 00) mean L  1 thk. (m):    1.00  temp: 17.182 saln: 37.000
     1056 (0001/027 00) mean L  2 thk. (m):  498.89  temp: 17.181 saln: 37.000
     1056 (0001/027 00) mean L  3 thk. (m): 4500.11  temp: 16.300 saln: 37.000
     1056 (0001/027 00) region-wide mean Kin. Energy:      298.0232597882
     1056 (0001/027 00) region-wide mean Temperature:       16.3881704135
     1056 (0001/027 00) region-wide mean Salinity:          37.0000000000
     1056 (0001/027 00) region-wide mean Density Dev:        0.1898956897
 northward heat flux (petawatts):
  0.000  0.000  0.006  0.010  0.012  0.012  0.012  0.011  0.009  0.007  0.004
  0.002  0.001  0.001  0.000  0.000  0.001  0.001  0.001  0.002  0.002  0.001
  0.001 -0.000 -0.001 -0.001 -0.002 -0.002 -0.002 -0.002 -0.002 -0.002 -0.002
 -0.003 -0.004 -0.005 -0.007 -0.008 -0.009 -0.010 -0.010 -0.009 -0.009 -0.007
 -0.006 -0.005 -0.004 -0.004 -0.004 -0.004 -0.005 -0.007 -0.008 -0.009 -0.010
 -0.010 -0.010 -0.010 -0.009 -0.008 -0.006 -0.005 -0.004 -0.003 -0.003 -0.003
 -0.003 -0.003 -0.004 -0.004 -0.004 -0.004 -0.003 -0.003 -0.002 -0.001 -0.001
 -0.001 -0.000 -0.000 -0.000 -0.000  0.000  0.001  0.001  0.002  0.003  0.004
  0.004  0.005  0.005  0.005  0.005  0.004  0.002  0.002  0.001  0.001  0.002
  0.001
 time step     1056         y e a r  0001         d a y  027         h o u r  00
 creating a new standard restart file
 restart created & closed at model day     11.000
 step     1056 day    11.00 -- archiving completed --


     timer statistics 
    ------------------

     xcsum    calls =     2412   time =    0.13000   time/call =    0.00005390
     xcmaxr   calls =     1432   time =    0.00200   time/call =    0.00000140
     xctilr   calls =   111982   time =    1.97200   time/call =    0.00001761
     zaio**   calls =       27   time =    0.00200   time/call =    0.00007407
     zaiowr   calls =      374   time =    0.16900   time/call =    0.00045187
     cnuity   calls =     1056   time =    7.14000   time/call =    0.00676136
     tsadvc   calls =     1056   time =   14.14400   time/call =    0.01339394
     momtum   calls =     1056   time =   24.70100   time/call =    0.02339110
     barotp   calls =     1056   time =   14.23900   time/call =    0.01348390
     thermf   calls =     1056   time =    0.16000   time/call =    0.00015152
     ic****   calls =     1056   time =    0.16100   time/call =    0.00015246
     mx****   calls =     1056   time =    0.00000   time/call =    0.00000000
     conv**   calls =     1056   time =    5.00300   time/call =    0.00473769
     diapf*   calls =     1056   time =    0.00000   time/call =    0.00000000
     hybgen   calls =     1056   time =   19.23500   time/call =    0.01821496
     restrt   calls =        2   time =    0.04600   time/call =    0.02300000
     overtn   calls =        1   time =    0.00100   time/call =    0.00100000
     archiv   calls =       11   time =    0.14700   time/call =    0.01336364
     incupd   calls =     1056   time =    0.00000   time/call =    0.00000000
     total    calls =        1   time =   85.42300   time/call =   85.42300000



 **************************************************
 (normal)
 **************************************************
You are Done !
